TN:
SF:app.js
FN:13,(anonymous_0)
FN:16,(anonymous_1)
FNF:2
FNH:1
FNDA:1,(anonymous_0)
FNDA:0,(anonymous_1)
DA:1,1
DA:2,1
DA:3,1
DA:4,1
DA:5,1
DA:6,1
DA:7,1
DA:8,1
DA:9,1
DA:11,1
DA:14,1
DA:17,0
DA:20,1
DA:21,1
DA:22,1
DA:24,1
LF:16
LH:15
BRF:0
BRH:0
end_of_record
TN:
SF:controllers/blog.js
FN:4,(anonymous_0)
FN:9,(anonymous_1)
FNF:2
FNH:2
FNDA:1,(anonymous_0)
FNDA:1,(anonymous_1)
DA:1,1
DA:2,1
DA:4,1
DA:5,1
DA:6,1
DA:9,1
DA:10,1
DA:12,1
DA:13,1
DA:16,1
LF:10
LH:10
BRF:0
BRH:0
end_of_record
TN:
SF:models/blog.js
FNF:0
FNH:0
DA:1,1
DA:3,1
DA:10,1
LF:3
LH:3
BRF:0
BRH:0
end_of_record
TN:
SF:tests/test_helper.js
FNF:0
FNH:0
DA:1,1
DA:52,1
LF:2
LH:2
BRF:0
BRH:0
end_of_record
TN:
SF:utils/config.js
FNF:0
FNH:0
DA:1,1
DA:3,1
DA:4,1
DA:8,1
LF:4
LH:4
BRDA:4,0,0,1
BRDA:4,0,1,0
BRF:2
BRH:1
end_of_record
TN:
SF:utils/list_helper.js
FN:3,(anonymous_0)
FN:7,(anonymous_1)
FN:11,(anonymous_2)
FN:17,(anonymous_3)
FN:22,(anonymous_4)
FN:33,(anonymous_5)
FN:39,(anonymous_6)
FN:47,(anonymous_7)
FN:53,(anonymous_8)
FNF:9
FNH:9
FNDA:1,(anonymous_0)
FNDA:5,(anonymous_1)
FNDA:3,(anonymous_2)
FNDA:2,(anonymous_3)
FNDA:5,(anonymous_4)
FNDA:2,(anonymous_5)
FNDA:3,(anonymous_6)
FNDA:2,(anonymous_7)
FNDA:3,(anonymous_8)
DA:1,5
DA:3,5
DA:4,1
DA:7,5
DA:8,5
DA:11,5
DA:12,3
DA:17,5
DA:18,2
DA:19,1
DA:22,1
DA:23,5
DA:26,1
DA:33,5
DA:34,2
DA:35,1
DA:38,1
DA:39,3
DA:41,1
DA:47,5
DA:48,2
DA:49,1
DA:52,1
DA:53,3
DA:58,1
DA:59,1
DA:65,5
LF:27
LH:27
BRDA:12,0,0,1
BRDA:12,0,1,2
BRDA:18,1,0,1
BRDA:18,1,1,1
BRDA:23,2,0,4
BRDA:23,2,1,1
BRDA:34,3,0,1
BRDA:34,3,1,1
BRDA:48,4,0,1
BRDA:48,4,1,1
BRF:10
BRH:10
end_of_record
